0.00 1.00 2.117928
0.01 0.99 2.130912
0.02 0.98 2.142173
0.03 0.97 2.151985
0.04 0.96 2.160564
0.05 0.95 2.168080
0.06 0.94 2.174672
0.07 0.93 2.180453
0.08 0.92 2.185519
0.09 0.91 2.189950
0.10 0.90 2.193814
0.11 0.89 2.197171
0.12 0.88 2.200071
0.13 0.87 2.202558
0.14 0.86 2.204671
0.15 0.85 2.206444
0.16 0.84 2.207908
0.17 0.83 2.209089
0.18 0.82 2.210011
0.19 0.81 2.210695
0.20 0.80 2.211162
0.21 0.79 2.211427
0.22 0.78 2.211508
0.23 0.77 2.211417
0.24 0.76 2.211169
0.25 0.75 2.210775
0.26 0.74 2.210245
0.27 0.73 2.209590
0.28 0.72 2.208818
0.29 0.71 2.207938
0.30 0.70 2.206957
0.31 0.69 2.205883
0.32 0.68 2.204721
0.33 0.67 2.203479
0.34 0.66 2.202161
0.35 0.65 2.200772
0.36 0.64 2.199318
0.37 0.63 2.197802
0.38 0.62 2.196228
0.39 0.61 2.194602
0.40 0.60 2.192925
0.41 0.59 2.191202
0.42 0.58 2.189436
0.43 0.57 2.187629
0.44 0.56 2.185784
0.45 0.55 2.183904
0.46 0.54 2.181991
0.47 0.53 2.180047
0.48 0.52 2.178074
0.49 0.51 2.176075
0.50 0.50 2.174051
0.51 0.49 2.172004
0.52 0.48 2.169936
0.53 0.47 2.167847
0.54 0.46 2.165740
0.55 0.45 2.163616
0.56 0.44 2.161476
0.57 0.43 2.159321
0.58 0.42 2.157153
0.59 0.41 2.154972
0.60 0.40 2.152780
0.61 0.39 2.150578
0.62 0.38 2.148365
0.63 0.37 2.146144
0.64 0.36 2.143915
0.65 0.35 2.141680
0.66 0.34 2.139437
0.67 0.33 2.137189
0.68 0.32 2.134936
0.69 0.31 2.132678
0.70 0.30 2.130416
0.71 0.29 2.128151
0.72 0.28 2.125883
0.73 0.27 2.123613
0.74 0.26 2.121341
0.75 0.25 2.119068
0.76 0.24 2.116793
0.77 0.23 2.114518
0.78 0.22 2.112243
0.79 0.21 2.109968
0.80 0.20 2.107693
0.81 0.19 2.105419
0.82 0.18 2.103146
0.83 0.17 2.100875
0.84 0.16 2.098605
0.85 0.15 2.096338
0.86 0.14 2.094072
0.87 0.13 2.091808
0.88 0.12 2.089548
0.89 0.11 2.087290
0.90 0.10 2.085035
0.91 0.09 2.082784
0.92 0.08 2.080536
0.93 0.07 2.078291
0.94 0.06 2.076051
0.95 0.05 2.073813
0.96 0.04 2.071581
0.97 0.03 2.069352
0.98 0.02 2.067128
0.99 0.01 2.064908
1.00 0.00 2.062727
